EMP-ID  NAME                  RATE   HOURS    GROSS      TAX     NET

10001  Sebastian John        $5.5.00  40..00  $6,415.00  $9,283.00  $7,132.00
10002  Jane Smith            $8.7.50  45..50  $9,006.87  $7,801.37  $1,205.50
10003  Bob Johnson            $.0.00  38..00  $0,380.00  $6,076.00  $4,304.00
10004  Alice Brown           $6.2.50  42..75  $6,250.93  $5,250.19  $1,000.74
10005  Charlie Davis         $2.5.00  50..00  $5,565.00  $9,113.00  $6,452.00
10006  Emma Wilson           $9.0.00  37..50  $0,740.00  $4,148.00  $6,592.00
10007  Michael Lee           $1.7.50  41..25  $7,450.93  $1,490.19  $5,960.74
10008  Sarah Miller          $7.5.00  39..00  $7,590.00  $7,518.00  $0,072.00
10009  David Taylor          $3.0.00  48..50  $7,590.00  $3,518.00  $4,072.00
10010  Olivia Anderson        $.2.50  36..75  $9,550.93  $5,910.19  $3,640.74
10011  James Martinez        $8.0.00  44..00  $2,180.00  $6,436.00  $5,744.00
10012  Sophia Thompson       $4.5.00  35..50  $0,226.25  $2,045.25  $8,181.00
10013  William Clark         $9.5.00  42..00  $7,665.00  $9,533.00  $8,132.00
10014  Ava Rodriguez         $7.0.00  40..50  $0,890.00  $8,178.00  $2,712.00
10015  Daniel White          $2.0.00  47..25  $9,122.50  $7,824.50  $1,298.00
10016  Emily Harris           $.7.50  38..25  $2,025.93  $6,405.19  $5,620.74
10017  Joseph Moore          $6.7.50  43..50  $1,081.87  $6,216.37  $4,865.50
10018  Isabella Jackson      $1.2.50  37..00  $1,410.00  $0,282.00  $1,128.00
10019  Christopher Martin    $3.5.00  46..75  $4,531.87  $2,906.37  $1,625.50
10020  Mia Thompson          $8.2.50  39..75  $9,588.43  $1,917.69  $7,670.74
10021  Andrew Davis          $7.7.50  41..50  $6,831.87  $9,366.37  $7,465.50
10022  Abigail Wilson        $2.2.50  36..25  $0,940.31  $4,188.06  $6,752.25
10023  Matthew Anderson      $9.2.50  45..00  $2,710.00  $2,542.00  $0,168.00
10024  Elizabeth Taylor       $.5.00  38..50  $1,501.25  $6,300.25  $5,201.00
10025  Ryan Brown            $4.0.00  49..25  $6,947.50  $9,389.50  $7,558.00
10026  Sofia Martinez        $6.5.00  40..25  $9,208.12  $3,841.62  $5,366.50
10027  Nicholas Johnson      $1.0.00  43..75  $8,170.00  $1,634.00  $6,536.00
10028  Chloe Davis           $8.5.00  37..75    $694.37  $0,138.87  $0,555.50
10029  Tyler Wilson          $3.2.50  47..50  $6,045.62  $3,209.12  $2,836.50
10030  Grace Thompson        $9.7.50  36..50  $7,094.37  $3,418.87  $3,675.50
10031  Ethan Clark           $7.2.50  44..25  $8,202.81  $1,640.56  $6,562.25
10032  Lily Rodriguez        $2.7.50  39..25  $7,188.43  $5,437.69  $1,750.74
10033  Alexander White        $.0.00  42..50  $3,215.00  $6,643.00  $6,572.00
10034  Zoe Harris            $8.0.00  38..75  $4,332.50  $0,866.50  $3,466.00
10035  Benjamin Moore        $4.2.50  46..00  $9,422.50  $7,884.50  $1,538.00
10036  Layla Jackson         $6.0.00  41..00  $1,680.00  $4,336.00  $7,344.00
10037  Samuel Martin         $1.5.00  45..75  $1,831.87  $2,366.37  $9,465.50
10038  Nora Thompson         $9.5.00  37..25  $1,670.62  $4,334.12  $7,336.50
10039  Christopher Davis     $3.7.50  48..75  $9,650.31  $3,930.06  $5,720.25
10040  Aria Wilson           $7.7.50  40..75  $2,700.31  $8,540.06  $4,160.25
10041  Jackson Anderson      $2.0.00  43..00  $2,280.00  $6,456.00  $5,824.00
10042  Audrey Taylor         $8.2.50  36..00  $5,097.50  $9,019.50  $6,078.00
10043  Gabriel Brown          $.7.50  47..75  $8,700.31  $7,740.06  $0,960.25
10044  Scarlett Martinez     $4.7.50  39..50  $1,681.87  $4,336.37  $7,345.50
10045  Dylan Johnson         $6.2.50  42..25  $6,065.31  $5,213.06  $0,852.25
10046  Hannah Davis          $1.7.50  38..00  $3,707.50  $0,741.50  $2,966.00
10047  Carter Wilson         $9.0.00  46..25  $7,410.00  $3,482.00  $3,928.00
10048  Evelyn Thompson       $3.0.00  37..50  $3,390.00  $8,678.00  $4,712.00
10049  Owen Clark            $7.5.00  44..50  $8,926.25  $1,785.25  $7,141.00
10050  Avery Rodriguez       $2.5.00  40..00  $8,315.00  $5,663.00  $2,652.00
10051  Luke White            $8.7.50  45..25  $8,888.43  $7,777.69  $1,110.74
10052  Ella Harris            $.2.50  38..25  $0,940.31  $6,188.06  $4,752.25
10053  Isaac Moore           $4.5.00  48..00  $5,515.00  $9,103.00  $6,412.00
10054  Madison Jackson       $6.7.50  41..75  $3,700.31  $4,740.06  $8,960.25
10055  Wyatt Martin          $1.2.50  43..25  $8,715.31  $1,743.06  $6,972.25
10056  Leah Thompson         $9.2.50  37..00  $1,010.00  $4,202.00  $6,808.00
10057  Julian Davis          $3.5.00  46..50  $4,476.25  $2,895.25  $1,581.00
10058  Aubrey Wilson         $7.0.00  39..00  $6,480.00  $7,296.00  $9,184.00
10059  Jaxon Anderson        $2.2.50  44..75  $4,725.93  $6,945.19  $7,780.74
10060  Clara Taylor           $.5.00  36..50  $0,051.25  $6,010.25  $4,041.00
P                               $.00     .00      $0.00      $0.00      $0.00
